# JRE version: 7.0_21-b12
# Java VM: Java HotSpot(TM) 64-Bit Server VM (23.21-b01 mixed mode bsd-amd64 compressed oops)
Heap
 PSYoungGen      total 310464K, used 125807K [0x0000000145f00000, 0x000000015b020000, 0x000000015eb00000)
  eden space 293952K, 37% used [0x0000000145f00000,0x000000014c9c0750,0x0000000157e10000)
  from space 16512K, 99% used [0x0000000159420000,0x000000015a43b7e8,0x000000015a440000)
  to   space 22592K, 0% used [0x0000000157e10000,0x0000000157e10000,0x0000000159420000)
 ParOldGen       total 50688K, used 28467K [0x0000000114700000, 0x0000000117880000, 0x0000000145f00000)
  object space 50688K, 56% used [0x0000000114700000,0x00000001162ccdb0,0x0000000117880000)
 PSPermGen       total 27008K, used 26915K [0x000000010f500000, 0x0000000110f60000, 0x0000000114700000)
  object space 27008K, 99% used [0x000000010f500000,0x0000000110f48eb0,0x0000000110f60000)
GC Heap History (10 events):
Event: 1.993 GC heap before
{Heap before GC invocations=4 (full 0):
 PSYoungGen      total 41280K, used 41280K [0x0000000145f00000, 0x000000014afa0000, 0x000000015eb00000)
  eden space 38144K, 100% used [0x0000000145f00000,0x0000000148440000,0x0000000148440000)
  from space 3136K, 100% used [0x0000000148440000,0x0000000148750000,0x0000000148750000)
  to   space 3136K, 0% used [0x000000014ac90000,0x000000014ac90000,0x000000014afa0000)
 ParOldGen       total 50688K, used 5314K [0x0000000114700000, 0x0000000117880000, 0x0000000145f00000)
  object space 50688K, 10% used [0x0000000114700000,0x0000000114c308a0,0x0000000117880000)
 PSPermGen       total 21248K, used 8342K [0x000000010f500000, 0x00000001109c0000, 0x0000000114700000)
  object space 21248K, 39% used [0x000000010f500000,0x000000010fd259d8,0x00000001109c0000)
Event: 2.007 GC heap after
Heap after GC invocations=4 (full 0):
 PSYoungGen      total 79424K, used 3136K [0x0000000145f00000, 0x000000014afa0000, 0x000000015eb00000)
  eden space 76288K, 0% used [0x0000000145f00000,0x0000000145f00000,0x000000014a980000)
  from space 3136K, 100% used [0x000000014ac90000,0x000000014afa0000,0x000000014afa0000)
  to   space 3136K, 0% used [0x000000014a980000,0x000000014a980000,0x000000014ac90000)
 ParOldGen       total 50688K, used 8749K [0x0000000114700000, 0x0000000117880000, 0x0000000145f00000)
  object space 50688K, 17% used [0x0000000114700000,0x0000000114f8b518,0x0000000117880000)
 PSPermGen       total 21248K, used 8342K [0x000000010f500000, 0x00000001109c0000, 0x0000000114700000)
  object space 21248K, 39% used [0x000000010f500000,0x000000010fd259d8,0x00000001109c0000)
}
Event: 2.697 GC heap before
{Heap before GC invocations=5 (full 0):
 PSYoungGen      total 79424K, used 79424K [0x0000000145f00000, 0x000000014afa0000, 0x000000015eb00000)
  eden space 76288K, 100% used [0x0000000145f00000,0x000000014a980000,0x000000014a980000)
  from space 3136K, 100% used [0x000000014ac90000,0x000000014afa0000,0x000000014afa0000)
  to   space 3136K, 0% used [0x000000014a980000,0x000000014a980000,0x000000014ac90000)
 ParOldGen       total 50688K, used 8749K [0x0000000114700000, 0x0000000117880000, 0x0000000145f00000)
  object space 50688K, 17% used [0x0000000114700000,0x0000000114f8b518,0x0000000117880000)
 PSPermGen       total 21248K, used 8823K [0x000000010f500000, 0x00000001109c0000, 0x0000000114700000)
  object space 21248K, 41% used [0x000000010f500000,0x000000010fd9de70,0x00000001109c0000)
Event: 2.717 GC heap after
Heap after GC invocations=5 (full 0):
 PSYoungGen      total 79424K, used 3104K [0x0000000145f00000, 0x00000001507e0000, 0x000000015eb00000)
  eden space 76288K, 0% used [0x0000000145f00000,0x0000000145f00000,0x000000014a980000)
  from space 3136K, 98% used [0x000000014a980000,0x000000014ac88020,0x000000014ac90000)
  to   space 10176K, 0% used [0x000000014fdf0000,0x000000014fdf0000,0x00000001507e0000)
 ParOldGen       total 50688K, used 15356K [0x0000000114700000, 0x0000000117880000, 0x0000000145f00000)
  object space 50688K, 30% used [0x0000000114700000,0x00000001155ff340,0x0000000117880000)
 PSPermGen       total 21248K, used 8823K [0x000000010f500000, 0x00000001109c0000, 0x0000000114700000)
  object space 21248K, 41% used [0x000000010f500000,0x000000010fd9de70,0x00000001109c0000)
}
Event: 3.482 GC heap before
{Heap before GC invocations=6 (full 0):
 PSYoungGen      total 79424K, used 79392K [0x0000000145f00000, 0x00000001507e0000, 0x000000015eb00000)
  eden space 76288K, 100% used [0x0000000145f00000,0x000000014a980000,0x000000014a980000)
  from space 3136K, 98% used [0x000000014a980000,0x000000014ac88020,0x000000014ac90000)
  to   space 10176K, 0% used [0x000000014fdf0000,0x000000014fdf0000,0x00000001507e0000)
 ParOldGen       total 50688K, used 15356K [0x0000000114700000, 0x0000000117880000, 0x0000000145f00000)
  object space 50688K, 30% used [0x0000000114700000,0x00000001155ff340,0x0000000117880000)
 PSPermGen       total 21248K, used 8899K [0x000000010f500000, 0x00000001109c0000, 0x0000000114700000)
  object space 21248K, 41% used [0x000000010f500000,0x000000010fdb0fb0,0x00000001109c0000)
Event: 3.527 GC heap after
Heap after GC invocations=6 (full 0):
 PSYoungGen      total 160192K, used 10176K [0x0000000145f00000, 0x0000000150ce0000, 0x000000015eb00000)
  eden space 150016K, 0% used [0x0000000145f00000,0x0000000145f00000,0x000000014f180000)
  from space 10176K, 100% used [0x000000014fdf0000,0x00000001507e0000,0x00000001507e0000)
  to   space 12736K, 0% used [0x000000014f180000,0x000000014f180000,0x000000014fdf0000)
 ParOldGen       total 50688K, used 17029K [0x0000000114700000, 0x0000000117880000, 0x0000000145f00000)
  object space 50688K, 33% used [0x0000000114700000,0x00000001157a1450,0x0000000117880000)
 PSPermGen       total 21248K, used 8899K [0x000000010f500000, 0x00000001109c0000, 0x0000000114700000)
  object space 21248K, 41% used [0x000000010f500000,0x000000010fdb0fb0,0x00000001109c0000)
}
Event: 4.327 GC heap before
{Heap before GC invocations=7 (full 0):
 PSYoungGen      total 160192K, used 160192K [0x0000000145f00000, 0x0000000150ce0000, 0x000000015eb00000)
  eden space 150016K, 100% used [0x0000000145f00000,0x000000014f180000,0x000000014f180000)
  from space 10176K, 100% used [0x000000014fdf0000,0x00000001507e0000,0x00000001507e0000)
  to   space 12736K, 0% used [0x000000014f180000,0x000000014f180000,0x000000014fdf0000)
 ParOldGen       total 50688K, used 17029K [0x0000000114700000, 0x0000000117880000, 0x0000000145f00000)
  object space 50688K, 33% used [0x0000000114700000,0x00000001157a1450,0x0000000117880000)
 PSPermGen       total 21248K, used 9121K [0x000000010f500000, 0x00000001109c0000, 0x0000000114700000)
  object space 21248K, 42% used [0x000000010f500000,0x000000010fde87f0,0x00000001109c0000)
Event: 4.359 GC heap after
Heap after GC invocations=7 (full 0):
 PSYoungGen      total 162752K, used 12728K [0x0000000145f00000, 0x000000015a440000, 0x000000015eb00000)
  eden space 150016K, 0% used [0x0000000145f00000,0x0000000145f00000,0x000000014f180000)
  from space 12736K, 99% used [0x000000014f180000,0x000000014fdee2a0,0x000000014fdf0000)
  to   space 16512K, 0% used [0x0000000159420000,0x0000000159420000,0x000000015a440000)
 ParOldGen       total 50688K, used 20513K [0x0000000114700000, 0x0000000117880000, 0x0000000145f00000)
  object space 50688K, 40% used [0x0000000114700000,0x0000000115b08430,0x0000000117880000)
 PSPermGen       total 21248K, used 9121K [0x000000010f500000, 0x00000001109c0000, 0x0000000114700000)
  object space 21248K, 42% used [0x000000010f500000,0x000000010fde87f0,0x00000001109c0000)
}
Event: 6.558 GC heap before
{Heap before GC invocations=8 (full 0):
 PSYoungGen      total 162752K, used 162744K [0x0000000145f00000, 0x000000015a440000, 0x000000015eb00000)
  eden space 150016K, 100% used [0x0000000145f00000,0x000000014f180000,0x000000014f180000)
  from space 12736K, 99% used [0x000000014f180000,0x000000014fdee2a0,0x000000014fdf0000)
  to   space 16512K, 0% used [0x0000000159420000,0x0000000159420000,0x000000015a440000)
 ParOldGen       total 50688K, used 20513K [0x0000000114700000, 0x0000000117880000, 0x0000000145f00000)
  object space 50688K, 40% used [0x0000000114700000,0x0000000115b08430,0x0000000117880000)
 PSPermGen       total 21248K, used 19995K [0x000000010f500000, 0x00000001109c0000, 0x0000000114700000)
  object space 21248K, 94% used [0x000000010f500000,0x0000000110886e80,0x00000001109c0000)
Event: 6.615 GC heap after
Heap after GC invocations=8 (full 0):
 PSYoungGen      total 310464K, used 16493K [0x0000000145f00000, 0x000000015b020000, 0x000000015eb00000)
  eden space 293952K, 0% used [0x0000000145f00000,0x0000000145f00000,0x0000000157e10000)
  from space 16512K, 99% used [0x0000000159420000,0x000000015a43b7e8,0x000000015a440000)
  to   space 22592K, 0% used [0x0000000157e10000,0x0000000157e10000,0x0000000159420000)
 ParOldGen       total 50688K, used 28467K [0x0000000114700000, 0x0000000117880000, 0x0000000145f00000)
  object space 50688K, 56% used [0x0000000114700000,0x00000001162ccdb0,0x0000000117880000)
 PSPermGen       total 21248K, used 19995K [0x000000010f500000, 0x00000001109c0000, 0x0000000114700000)
  object space 21248K, 94% used [0x000000010f500000,0x0000000110886e80,0x00000001109c0000)
}

